{"sessionId": "35a072", "location": "app.py:_single_label_screen", "timestamp": 1771866323606.6768, "message": "demo_fill (get not pop)", "data": {"demo_key": null}, "hypothesisId": "H1"}
{"sessionId": "35a072", "location": "app.py:_single_label_screen", "timestamp": 1771866323635.599, "message": "after form", "data": {"submitted": false, "demo_key": null, "demo_is_none": true, "brand": "", "class_type": ""}, "hypothesisId": "H2"}
{"sessionId": "35a072", "location": "app.py:_single_label_screen", "timestamp": 1771866357135.1897, "message": "demo_fill (get not pop)", "data": {"demo_key": null}, "hypothesisId": "H1"}
{"sessionId": "35a072", "location": "app.py:_single_label_screen", "timestamp": 1771866357198.11, "message": "after form", "data": {"submitted": false, "demo_key": null, "demo_is_none": true, "brand": "", "class_type": ""}, "hypothesisId": "H2"}
{"sessionId": "35a072", "location": "app.py:_single_label_screen", "timestamp": 1771866361667.1587, "message": "demo_fill (get not pop)", "data": {"demo_key": null}, "hypothesisId": "H1"}
{"sessionId": "35a072", "location": "app.py:_single_label_screen", "timestamp": 1771866361693.7097, "message": "after form", "data": {"submitted": false, "demo_key": null, "demo_is_none": true, "brand": "", "class_type": ""}, "hypothesisId": "H2"}
{"sessionId": "35a072", "location": "app.py:_single_label_screen", "timestamp": 1771866373439.9119, "message": "demo_fill (get not pop)", "data": {"demo_key": null}, "hypothesisId": "H1"}
{"sessionId": "35a072", "location": "app.py:_single_label_screen", "timestamp": 1771866373458.7322, "message": "after form", "data": {"submitted": true, "demo_key": null, "demo_is_none": true, "brand": "", "class_type": ""}, "hypothesisId": "H2"}
{"sessionId": "35a072", "location": "app.py:_single_label_screen", "timestamp": 1771866373462.0894, "message": "app_data for pipeline", "data": {"brand_name": "", "class_type": ""}, "hypothesisId": "H3"}
{"sessionId": "35a072", "location": "app.py:_single_label_screen", "timestamp": 1771866387368.5872, "message": "demo_fill (get not pop)", "data": {"demo_key": "test_1 \u2014 ABC Distillery (Spirits)"}, "hypothesisId": "H1"}
{"sessionId": "35a072", "location": "app.py:_single_label_screen", "timestamp": 1771866387402.6099, "message": "after form", "data": {"submitted": false, "demo_key": "test_1 \u2014 ABC Distillery (Spirits)", "demo_is_none": false, "brand": "ABC Distillery", "class_type": "Single Barrel Straight Rye Whisky"}, "hypothesisId": "H2"}
{"sessionId": "35a072", "location": "app.py:_single_label_screen", "timestamp": 1771866389300.2395, "message": "demo_fill (get not pop)", "data": {"demo_key": "test_1 \u2014 ABC Distillery (Spirits)"}, "hypothesisId": "H1"}
{"sessionId": "35a072", "location": "app.py:_single_label_screen", "timestamp": 1771866389336.6865, "message": "after form", "data": {"submitted": true, "demo_key": "test_1 \u2014 ABC Distillery (Spirits)", "demo_is_none": false, "brand": "ABC Distillery", "class_type": "Single Barrel Straight Rye Whisky"}, "hypothesisId": "H2"}
{"sessionId": "35a072", "location": "app.py:_single_label_screen", "timestamp": 1771866389341.9648, "message": "app_data for pipeline", "data": {"brand_name": "ABC Distillery", "class_type": "Single Barrel Straight Rye Whisky"}, "hypothesisId": "H3"}
{"sessionId": "35a072", "location": "app.py:_single_label_screen", "timestamp": 1771866402798.7803, "message": "demo_fill (get not pop)", "data": {"demo_key": null}, "hypothesisId": "H1"}
{"sessionId": "35a072", "location": "app.py:_single_label_screen", "timestamp": 1771866402854.4924, "message": "after form", "data": {"submitted": false, "demo_key": null, "demo_is_none": true, "brand": "", "class_type": ""}, "hypothesisId": "H2"}
{"sessionId": "35a072", "location": "app.py:_single_label_screen", "timestamp": 1771866406940.474, "message": "demo_fill (get not pop)", "data": {"demo_key": null}, "hypothesisId": "H1"}
{"sessionId": "35a072", "location": "app.py:_single_label_screen", "timestamp": 1771866406960.8828, "message": "after form", "data": {"submitted": false, "demo_key": null, "demo_is_none": true, "brand": "", "class_type": ""}, "hypothesisId": "H2"}
{"sessionId": "35a072", "location": "app.py:_single_label_screen", "timestamp": 1771866414378.459, "message": "demo_fill (get not pop)", "data": {"demo_key": null}, "hypothesisId": "H1"}
{"sessionId": "35a072", "location": "app.py:_single_label_screen", "timestamp": 1771866414394.7222, "message": "after form", "data": {"submitted": false, "demo_key": null, "demo_is_none": true, "brand": "", "class_type": ""}, "hypothesisId": "H2"}
{"sessionId": "35a072", "location": "app.py:_single_label_screen", "timestamp": 1771866416266.325, "message": "demo_fill (get not pop)", "data": {"demo_key": "test_1 \u2014 ABC Distillery (Spirits)"}, "hypothesisId": "H1"}
{"sessionId": "35a072", "location": "app.py:_single_label_screen", "timestamp": 1771866416287.3035, "message": "after form", "data": {"submitted": false, "demo_key": "test_1 \u2014 ABC Distillery (Spirits)", "demo_is_none": false, "brand": "ABC Distillery", "class_type": "Single Barrel Straight Rye Whisky"}, "hypothesisId": "H2"}
{"sessionId": "35a072", "location": "app.py:_single_label_screen", "timestamp": 1771866423723.2148, "message": "demo_fill (get not pop)", "data": {"demo_key": "test_1 \u2014 ABC Distillery (Spirits)"}, "hypothesisId": "H1"}
{"sessionId": "35a072", "location": "app.py:_single_label_screen", "timestamp": 1771866423737.3606, "message": "after form", "data": {"submitted": true, "demo_key": "test_1 \u2014 ABC Distillery (Spirits)", "demo_is_none": false, "brand": "ABC Distillery", "class_type": "Single Barrel Straight Rye Whisky"}, "hypothesisId": "H2"}
{"sessionId": "35a072", "location": "app.py:_single_label_screen", "timestamp": 1771866423740.212, "message": "app_data for pipeline", "data": {"brand_name": "ABC Distillery", "class_type": "Single Barrel Straight Rye Whisky"}, "hypothesisId": "H3"}
{"sessionId": "35a072", "location": "app.py:_single_label_screen", "timestamp": 1771866482316.6501, "message": "demo_fill (get not pop)", "data": {"demo_key": "test_1 \u2014 ABC Distillery (Spirits)"}, "hypothesisId": "H1"}
{"sessionId": "35a072", "location": "app.py:_single_label_screen", "timestamp": 1771866482353.4324, "message": "after form", "data": {"submitted": false, "demo_key": "test_1 \u2014 ABC Distillery (Spirits)", "demo_is_none": false, "brand": "ABC Distillery", "class_type": "Single Barrel Straight Rye Whisky"}, "hypothesisId": "H2"}
{"sessionId": "35a072", "location": "app.py:_single_label_screen", "timestamp": 1771866482513.8176, "message": "demo_fill (get not pop)", "data": {"demo_key": "test_1 \u2014 ABC Distillery (Spirits)"}, "hypothesisId": "H1"}
{"sessionId": "35a072", "location": "app.py:_single_label_screen", "timestamp": 1771866482564.4001, "message": "after form", "data": {"submitted": false, "demo_key": "test_1 \u2014 ABC Distillery (Spirits)", "demo_is_none": false, "brand": "ABC Distillery", "class_type": "Single Barrel Straight Rye Whisky"}, "hypothesisId": "H2"}
